[debug] > Exec(early(addDefaultCommands), None, None)
[debug] > Exec(addDefaultCommands, None, None)
[debug] > Exec(early(initialize), None, None)
[debug] > Exec(initialize, None, None)
[debug] > Exec(boot, None, None)
[debug] > Exec(writeSbtVersion, None, None)
[debug] > Exec(reload, None, None)
[debug] > Exec(sbtStashOnFailure, None, None)
[debug] > Exec(onFailure loadFailed, None, None)
[debug] > Exec(loadp, None, None)
[info] welcome to sbt 1.8.2 (Amazon.com Inc. Java 1.8.0_362)
[debug] Load.defaultLoad until apply took 131.466672ms
[debug]           Load.loadUnit: plugins took 187.896984ms
[debug]           Load.loadUnit: defsScala took 1.343183ms
[debug] [Loading] Scanning directory /home/sagar/Desktop/MyFirstApp.bkp/project
[debug] [Loading] Found non-root projects 
[debug] [Loading] Done in /home/sagar/Desktop/MyFirstApp.bkp/project, returning: ()
[debug] deducing auto plugins based on known facts Set(Atom(sbt.plugins.CorePlugin)) and clauses Clauses(Clause(Atom(sbt.plugins.JvmPlugin),Set(Atom(sbt.plugins.IvyPlugin)))
[debug] Clause(Atom(sbt.ScriptedPlugin),Set(Atom(sbt.plugins.JvmPlugin)))
[debug] Clause(Atom(sbt.plugins.SbtPlugin),Set(Atom(sbt.ScriptedPlugin)))
[debug] Clause(Atom(sbt.plugins.SemanticdbPlugin),Set(Atom(sbt.plugins.JvmPlugin)))
[debug] Clause(Atom(sbt.plugins.JUnitXmlReportPlugin),Set(Atom(sbt.plugins.JvmPlugin)))
[debug] Clause(Atom(sbt.plugins.MiniDependencyTreePlugin),Set(Atom(sbt.plugins.JvmPlugin)))
[debug] Clause(Atom(sbt.plugins.CorePlugin),Set(Atom(sbt.plugins.IvyPlugin)))
[debug] Clause(Atom(sbt.plugins.IvyPlugin),Set(Atom(sbt.plugins.JvmPlugin)))
[debug] Clause(Atom(sbt.plugins.JvmPlugin),Set(Atom(sbt.plugins.SemanticdbPlugin)))
[debug] Clause(Atom(sbt.plugins.JvmPlugin),Set(Atom(sbt.plugins.JUnitXmlReportPlugin)))
[debug] Clause(Atom(sbt.plugins.CorePlugin),Set(Atom(sbt.plugins.Giter8TemplatePlugin)))
[debug] Clause(Atom(sbt.plugins.JvmPlugin),Set(Atom(sbt.plugins.MiniDependencyTreePlugin))))
[debug]   :: deduced result: Matched(sbt.plugins.CorePlugin,sbt.plugins.Giter8TemplatePlugin,sbt.plugins.IvyPlugin,sbt.plugins.JvmPlugin,sbt.plugins.MiniDependencyTreePlugin,sbt.plugins.JUnitXmlReportPlugin,sbt.plugins.SemanticdbPlugin)
[debug] Plugins.deducer#function took 43.790934 ms
[debug]               Load.resolveProject(myfirstapp-bkp-build) took 112.010776ms
[debug]             Load.loadTransitive: finalizeProject(Project(id myfirstapp-bkp-build, base: /home/sagar/Desktop/MyFirstApp.bkp/project, plugins: List(<none>))) took 240.049351ms
[debug] [Loading] Done in /home/sagar/Desktop/MyFirstApp.bkp/project, returning: (myfirstapp-bkp-build)
[debug]           Load.loadUnit: loadedProjectsRaw took 304.578376ms
[debug]           Load.loadUnit: cleanEvalClasses took 0.405998ms
[debug]         Load.loadUnit(file:/home/sagar/Desktop/MyFirstApp.bkp/project/, ...) took 517.155246ms
[debug]       Load.apply: load took 818.758972ms
[debug]       Load.apply: resolveProjects took 13.785972ms
[debug]       Load.apply: finalTransforms took 118.393658ms
[debug]       Load.apply: config.delegates took 15.235656ms
[debug]       Load.apply: Def.make(settings)... took 796.173588ms
[debug]       Load.apply: structureIndex took 203.431666ms
[debug]       Load.apply: mkStreams took 2.774925ms
[info] loading project definition from /home/sagar/Desktop/MyFirstApp.bkp/project
[debug] Running task... Cancel: Signal, check cycles: false, forcegc: true
